<?xml version="1.0" encoding="UTF-8"?>
<!-- Generated by org.testng.reporters.JUnitXMLReporter -->
<testsuite ignored="0" hostname="L-2180" failures="1" tests="1" name="PageTitle" time="34.806" errors="0" timestamp="2021-06-24T17:16:45 IST">
  <testcase classname="Academy.validatePageTitle" name="basePageNavigation" time="0.662">
    <failure type="junit.framework.ComparisonFailure" message="expected:&amp;lt;...&amp;gt; but was:&amp;lt;...123&amp;gt;">
      <![CDATA[junit.framework.ComparisonFailure: expected:<...> but was:<...123>
at junit.framework.Assert.assertEquals(Assert.java:81)
at junit.framework.Assert.assertEquals(Assert.java:87)
at Academy.validatePageTitle.basePageNavigation(validatePageTitle.java:41)
at java.base/java.util.ArrayList.forEach(ArrayList.java:1511)
at java.base/java.util.concurrent.FutureTask.run(FutureTask.java:264)
at java.base/java.util.concurrent.ThreadPoolExecutor.runWorker(ThreadPoolExecutor.java:1130)
at java.base/java.util.concurrent.ThreadPoolExecutor$Worker.run(ThreadPoolExecutor.java:630)
at java.base/java.lang.Thread.run(Thread.java:832)
... Removed 18 stack frames]]>
    </failure>
  </testcase> <!-- basePageNavigation -->
</testsuite> <!-- PageTitle -->
