<?xml version="1.0" encoding="UTF-8"?>
<testng-results ignored="0" total="4" passed="3" failed="1" skipped="0">
  <reporter-output>
  </reporter-output>
  <suite started-at="2021-06-24T16:59:17 IST" name="Suite" finished-at="2021-06-24T17:00:19 IST" duration-ms="61736">
    <groups>
    </groups>
    <test started-at="2021-06-24T16:59:17 IST" name="NavigationBar" finished-at="2021-06-24T17:00:06 IST" duration-ms="48355">
      <class name="Academy.validateNavigationBar">
        <test-method is-config="true" signature="initialize()[pri:0, instance:Academy.validateNavigationBar@277f7dd3]" started-at="2021-06-24T16:59:17 IST" name="initialize" finished-at="2021-06-24T16:59:55 IST" duration-ms="37397" status="PASS">
          <reporter-output>
          </reporter-output>
        </test-method> <!-- initialize -->
        <test-method signature="basePageNavigation()[pri:0, instance:Academy.validateNavigationBar@277f7dd3]" started-at="2021-06-24T16:59:55 IST" name="basePageNavigation" finished-at="2021-06-24T16:59:55 IST" duration-ms="375" status="PASS">
          <reporter-output>
          </reporter-output>
        </test-method> <!-- basePageNavigation -->
        <test-method is-config="true" signature="tearDown()[pri:0, instance:Academy.validateNavigationBar@277f7dd3]" started-at="2021-06-24T16:59:55 IST" name="tearDown" finished-at="2021-06-24T17:00:06 IST" duration-ms="10547" status="PASS">
          <reporter-output>
          </reporter-output>
        </test-method> <!-- tearDown -->
      </class> <!-- Academy.validateNavigationBar -->
    </test> <!-- NavigationBar -->
    <test started-at="2021-06-24T16:59:17 IST" name="PageTitle" finished-at="2021-06-24T17:00:17 IST" duration-ms="59887">
      <class name="Academy.validatePageTitle">
        <test-method is-config="true" signature="initialize()[pri:0, instance:Academy.validatePageTitle@557a1e2d]" started-at="2021-06-24T16:59:17 IST" name="initialize" finished-at="2021-06-24T17:00:06 IST" duration-ms="48276" status="PASS">
          <reporter-output>
          </reporter-output>
        </test-method> <!-- initialize -->
        <test-method signature="basePageNavigation()[pri:0, instance:Academy.validatePageTitle@557a1e2d]" started-at="2021-06-24T17:00:06 IST" name="basePageNavigation" finished-at="2021-06-24T17:00:07 IST" duration-ms="1805" status="FAIL">
          <exception class="junit.framework.ComparisonFailure">
            <message>
              <![CDATA[expected:<...> but was:<...123>]]>
            </message>
            <full-stacktrace>
              <![CDATA[junit.framework.ComparisonFailure: expected:<...> but was:<...123>
at junit.framework.Assert.assertEquals(Assert.java:81)
at junit.framework.Assert.assertEquals(Assert.java:87)
at Academy.validatePageTitle.basePageNavigation(validatePageTitle.java:41)
at java.base/jdk.internal.reflect.NativeMethodAccessorImpl.invoke0(Native Method)
at java.base/jdk.internal.reflect.NativeMethodAccessorImpl.invoke(NativeMethodAccessorImpl.java:62)
at java.base/jdk.internal.reflect.DelegatingMethodAccessorImpl.invoke(DelegatingMethodAccessorImpl.java:43)
at java.base/java.lang.reflect.Method.invoke(Method.java:564)
at org.testng.internal.MethodInvocationHelper.invokeMethod(MethodInvocationHelper.java:133)
at org.testng.internal.TestInvoker.invokeMethod(TestInvoker.java:598)
at org.testng.internal.TestInvoker.invokeTestMethod(TestInvoker.java:173)
at org.testng.internal.MethodRunner.runInSequence(MethodRunner.java:46)
at org.testng.internal.TestInvoker$MethodInvocationAgent.invoke(TestInvoker.java:824)
at org.testng.internal.TestInvoker.invokeTestMethods(TestInvoker.java:146)
at org.testng.internal.TestMethodWorker.invokeTestMethods(TestMethodWorker.java:146)
at org.testng.internal.TestMethodWorker.run(TestMethodWorker.java:128)
at java.base/java.util.ArrayList.forEach(ArrayList.java:1511)
at org.testng.TestRunner.privateRun(TestRunner.java:794)
at org.testng.TestRunner.run(TestRunner.java:596)
at org.testng.SuiteRunner.runTest(SuiteRunner.java:377)
at org.testng.SuiteRunner.access$000(SuiteRunner.java:28)
at org.testng.SuiteRunner$SuiteWorker.run(SuiteRunner.java:418)
at org.testng.internal.thread.ThreadUtil.lambda$execute$0(ThreadUtil.java:64)
at java.base/java.util.concurrent.FutureTask.run(FutureTask.java:264)
at java.base/java.util.concurrent.ThreadPoolExecutor.runWorker(ThreadPoolExecutor.java:1130)
at java.base/java.util.concurrent.ThreadPoolExecutor$Worker.run(ThreadPoolExecutor.java:630)
at java.base/java.lang.Thread.run(Thread.java:832)
]]>
            </full-stacktrace>
          </exception> <!-- junit.framework.ComparisonFailure -->
          <reporter-output>
          </reporter-output>
        </test-method> <!-- basePageNavigation -->
        <test-method is-config="true" signature="tearDown()[pri:0, instance:Academy.validatePageTitle@557a1e2d]" started-at="2021-06-24T17:00:08 IST" name="tearDown" finished-at="2021-06-24T17:00:17 IST" duration-ms="8995" status="PASS">
          <reporter-output>
          </reporter-output>
        </test-method> <!-- tearDown -->
      </class> <!-- Academy.validatePageTitle -->
    </test> <!-- PageTitle -->
    <test started-at="2021-06-24T16:59:17 IST" name="Home" finished-at="2021-06-24T17:00:19 IST" duration-ms="61724">
      <class name="Academy.HomePage">
        <test-method is-config="true" signature="initialize()[pri:0, instance:Academy.HomePage@51850751]" started-at="2021-06-24T16:59:17 IST" name="initialize" finished-at="2021-06-24T16:59:30 IST" duration-ms="12164" status="PASS">
          <reporter-output>
          </reporter-output>
        </test-method> <!-- initialize -->
        <test-method signature="basePageNavigation(java.lang.String,java.lang.String)[pri:0, instance:Academy.HomePage@51850751]" started-at="2021-06-24T16:59:30 IST" name="basePageNavigation" data-provider="getData" finished-at="2021-06-24T17:00:11 IST" duration-ms="41416" status="PASS">
          <params>
            <param index="0">
              <value>
                <![CDATA[shivamnagpal67@gmail.com]]>
              </value>
            </param>
            <param index="1">
              <value>
                <![CDATA[Shivam129nagpal]]>
              </value>
            </param>
          </params>
          <reporter-output>
          </reporter-output>
        </test-method> <!-- basePageNavigation -->
        <test-method signature="basePageNavigation(java.lang.String,java.lang.String)[pri:0, instance:Academy.HomePage@51850751]" started-at="2021-06-24T17:00:11 IST" name="basePageNavigation" data-provider="getData" finished-at="2021-06-24T17:00:17 IST" duration-ms="5704" status="PASS">
          <params>
            <param index="0">
              <value>
                <![CDATA[shivamnagpal@gmail.com]]>
              </value>
            </param>
            <param index="1">
              <value>
                <![CDATA[Shivam129nagpal]]>
              </value>
            </param>
          </params>
          <reporter-output>
          </reporter-output>
        </test-method> <!-- basePageNavigation -->
        <test-method is-config="true" signature="tearDown()[pri:0, instance:Academy.HomePage@51850751]" started-at="2021-06-24T17:00:17 IST" name="tearDown" finished-at="2021-06-24T17:00:19 IST" duration-ms="2351" status="PASS">
          <reporter-output>
          </reporter-output>
        </test-method> <!-- tearDown -->
      </class> <!-- Academy.HomePage -->
    </test> <!-- Home -->
  </suite> <!-- Suite -->
</testng-results>
